<?xml version="1.0" encoding="UTF-8"?>
<!-- Generated by org.testng.reporters.JUnitReportReporter -->
<testsuite hostname="LP-5CD2125WJ0" failures="0" tests="9" name="testcases.Swaglabstestcases" time="10.159" errors="0" timestamp="2025-08-30T16:03:32 IST" skipped="0">
  <testcase classname="testcases.Swaglabstestcases" name="loginTest" time="0.240"/>
  <testcase classname="testcases.Swaglabstestcases" name="loginTest" time="0.250"/>
  <testcase classname="testcases.Swaglabstestcases" name="loginTest" time="0.347"/>
  <testcase classname="testcases.Swaglabstestcases" name="productTest" time="1.390"/>
  <testcase classname="testcases.Swaglabstestcases" name="socialMediaTest" time="4.544"/>
  <testcase classname="testcases.Swaglabstestcases" name="cartTest" time="0.497"/>
  <testcase classname="testcases.Swaglabstestcases" name="informationTest" time="1.030"/>
  <testcase classname="testcases.Swaglabstestcases" name="overviewTest" time="0.399"/>
  <testcase classname="testcases.Swaglabstestcases" name="logoutTest" time="1.462"/>
</testsuite> <!-- testcases.Swaglabstestcases -->
