<?xml version="1.0" encoding="UTF-8"?>
<!-- Generated by org.testng.reporters.JUnitReportReporter -->
<testsuite hostname="LP-5CD2125WJ0" failures="0" tests="1" name="testcases.M1BrowserCheck" time="0.031" errors="0" timestamp="2025-07-30T18:13:00 IST" skipped="0">
  <testcase classname="testcases.M1BrowserCheck" name="check" time="0.031"/>
</testsuite> <!-- testcases.M1BrowserCheck -->
