<?xml version="1.0" encoding="UTF-8"?>
<!-- Generated by org.testng.reporters.JUnitReportReporter -->
<testsuite hostname="LP-5CD2125WJ0" failures="0" tests="8" name="teamswagtestcases.Carttestcase" time="26.903" errors="0" timestamp="2025-08-26T09:46:09 IST" skipped="0">
  <testcase classname="teamswagtestcases.Carttestcase" name="testCartBadgeCountMatchesItems" time="3.463"/>
  <testcase classname="teamswagtestcases.Carttestcase" name="testRemoveItemWhenCartIsEmpty" time="3.304"/>
  <testcase classname="teamswagtestcases.Carttestcase" name="testCheckoutButton" time="3.244"/>
  <testcase classname="teamswagtestcases.Carttestcase" name="testItemsDisplayedInCart" time="3.148"/>
  <testcase classname="teamswagtestcases.Carttestcase" name="testCheckoutWithEmptyCart" time="3.285"/>
  <testcase classname="teamswagtestcases.Carttestcase" name="testContinueShoppingButton" time="3.254"/>
  <testcase classname="teamswagtestcases.Carttestcase" name="testRemoveItems" time="3.651"/>
  <testcase classname="teamswagtestcases.Carttestcase" name="testCartPageLoads" time="3.554"/>
</testsuite> <!-- teamswagtestcases.Carttestcase -->
