<?xml version="1.0" encoding="UTF-8"?>
<!-- Generated by org.testng.reporters.JUnitReportReporter -->
<testsuite hostname="LP-5CD2125WJ0" failures="0" tests="4" name="testcases.ExcelTestng" time="5.338" errors="0" timestamp="2025-08-01T17:05:09 IST" skipped="0">
  <testcase classname="testcases.ExcelTestng" name="testLogin" time="0.712"/>
  <testcase classname="testcases.ExcelTestng" name="testLogin" time="0.492"/>
  <testcase classname="testcases.ExcelTestng" name="testLogin" time="0.499"/>
  <testcase classname="testcases.ExcelTestng" name="testLogin" time="3.635"/>
</testsuite> <!-- testcases.ExcelTestng -->
