<?xml version="1.0" encoding="UTF-8"?>
<!-- Generated by org.testng.reporters.JUnitReportReporter -->
<testsuite hostname="LP-5CD2125WJ0" failures="0" tests="1" name="testcases.Practiceform" time="5.539" errors="0" timestamp="2025-08-06T17:42:02 IST" skipped="0">
  <testcase classname="testcases.Practiceform" name="f" time="5.539"/>
</testsuite> <!-- testcases.Practiceform -->
