<?xml version="1.0" encoding="UTF-8"?>
<!-- Generated by org.testng.reporters.JUnitReportReporter -->
<testsuite hostname="LP-5CD2125WJ0" failures="0" tests="1" name="testcases.Pagefactory" time="4.143" errors="0" timestamp="2025-08-05T17:22:46 IST" skipped="0">
  <testcase classname="testcases.Pagefactory" name="LoginTest" time="4.143"/>
</testsuite> <!-- testcases.Pagefactory -->
