<?xml version="1.0" encoding="UTF-8"?>
<!-- Generated by org.testng.reporters.JUnitReportReporter -->
<testsuite hostname="LP-5CD2125WJ0" failures="0" tests="1" name="testcases.Csv2file" time="1.401" errors="0" timestamp="2025-08-15T21:52:14 IST" skipped="0">
  <testcase classname="testcases.Csv2file" name="f" time="1.401"/>
</testsuite> <!-- testcases.Csv2file -->
